<?xml version="1.0" encoding="UTF-8"?>
<!-- Generated by org.testng.reporters.JUnitReportReporter -->
<testsuite hostname="LAPTOP-ET2FO7CJ" failures="0" tests="2" name="com.amazon.testPages.HomePageTest.HomePageNewTest" time="7.321" errors="0" timestamp="2022-07-26T15:14:22 EDT" skipped="1">
  <testcase classname="com.amazon.testPages.HomePageTest.HomePageNewTest" name="verifySearchValidProduct" time="7.321"/>
  <system-out/>
  <testcase classname="com.amazon.testPages.HomePageTest.HomePageNewTest" name="verifySofasWebElement">
    <skipped/>
  </testcase> <!-- verifySofasWebElement -->
  <system-out/>
</testsuite> <!-- com.amazon.testPages.HomePageTest.HomePageNewTest -->
