<?xml version="1.0" encoding="UTF-8"?>
<!-- Generated by org.testng.reporters.JUnitReportReporter -->
<testsuite hostname="LAPTOP-ET2FO7CJ" failures="0" tests="2" name="com.amazon.testPages.HomePageTest.HomePageNewTest" time="36.150" errors="0" timestamp="2022-07-24T12:51:19 EDT" skipped="1">
  <testcase classname="com.amazon.testPages.HomePageTest.HomePageNewTest" name="verifySofasWebElement" time="36.150"/>
  <system-out/>
  <testcase classname="com.amazon.testPages.HomePageTest.HomePageNewTest" name="verifySearchValidProduct">
    <skipped/>
  </testcase> <!-- verifySearchValidProduct -->
  <system-out/>
</testsuite> <!-- com.amazon.testPages.HomePageTest.HomePageNewTest -->
